[debug] [2026-05-01T16:07:28.320Z] [Firebase Plugin] Activating Firebase extension.
[info] [Firebase Plugin] Checked firebase-tools, is up to date!
[debug] [2026-05-01T16:07:56.322Z] [Firebase Plugin] requireAuthWrapper
[debug] [2026-05-01T16:07:56.326Z] > command requires scopes: ["email","openid","https://www.googleapis.com/auth/cloudplatformprojects.readonly","https://www.googleapis.com/auth/firebase","https://www.googleapis.com/auth/cloud-platform"]
[debug] [2026-05-01T16:07:56.327Z] > authorizing via signed-in user (reallywannaknowthings@gmail.com)
[debug] [2026-05-01T16:07:56.335Z] Checked if tokens are valid: false, expires at: 1777602010557
[debug] [2026-05-01T16:07:56.335Z] Checked if tokens are valid: false, expires at: 1777602010557
[debug] [2026-05-01T16:07:56.337Z] > refreshing access token with scopes: []
[debug] [2026-05-01T16:07:56.341Z] >>> [apiv2][query] POST https://www.googleapis.com/oauth2/v3/token [none]
[debug] [2026-05-01T16:07:56.341Z] >>> [apiv2][body] POST https://www.googleapis.com/oauth2/v3/token [omitted]
[debug] [2026-05-01T16:07:56.364Z] [Firebase Plugin] VSCode notification server listening on port 40001
[info] [Firebase Plugin] Starting SQL Connect toolkit (version 3.4.5) on port 50001
[debug] [2026-05-01T16:07:57.862Z] 'fdc build' failed with error: Unable to build your SQL Connect schema and connectors (exit code 1): E0502 01:07:57.813302   27576 cmd.go:43] Error loading data connect config: could not find dataconnect.yaml in `c:\projects\client-sites\dataconnect`
 {"metadata":{"emulator":{"name":"dataconnect"},"message":"'fdc build' failed with error: Unable to build your SQL Connect schema and connectors (exit code 1): E0502 01:07:57.813302   27576 cmd.go:43] Error loading data connect config: could not find dataconnect.yaml in `c:\\projects\\client-sites\\dataconnect`\n"}}
[debug] [2026-05-01T16:07:57.863Z] Ignoring unsupported arg: auto_download {"metadata":{"emulator":{"name":"dataconnect"},"message":"Ignoring unsupported arg: auto_download"}}
[debug] [2026-05-01T16:07:57.864Z] Ignoring unsupported arg: port {"metadata":{"emulator":{"name":"dataconnect"},"message":"Ignoring unsupported arg: port"}}
[debug] [2026-05-01T16:07:57.864Z] Starting SQL Connect Emulator with command {"binary":"C:\\Users\\81801\\.cache\\firebase\\emulators\\dataconnect-emulator-3.4.5.exe","args":["--logtostderr","-v=2","dev","--listen=localhost:50001","--config_dir=c:\\projects\\client-sites\\dataconnect","--enable_output_schema_extensions=true","--enable_output_generated_sdk=true"],"optionalArgs":["listen","config_dir","enable_output_schema_extensions","enable_output_generated_sdk"],"joinArgs":true,"shell":false,"port":9399} {"metadata":{"emulator":{"name":"dataconnect"},"message":"Starting SQL Connect Emulator with command {\"binary\":\"C:\\\\Users\\\\81801\\\\.cache\\\\firebase\\\\emulators\\\\dataconnect-emulator-3.4.5.exe\",\"args\":[\"--logtostderr\",\"-v=2\",\"dev\",\"--listen=localhost:50001\",\"--config_dir=c:\\\\projects\\\\client-sites\\\\dataconnect\",\"--enable_output_schema_extensions=true\",\"--enable_output_generated_sdk=true\"],\"optionalArgs\":[\"listen\",\"config_dir\",\"enable_output_schema_extensions\",\"enable_output_generated_sdk\"],\"joinArgs\":true,\"shell\":false,\"port\":9399}"}}
[info] i  dataconnect: SQL Connect Emulator logging to dataconnect-debug.log {"metadata":{"emulator":{"name":"dataconnect"},"message":"SQL Connect Emulator logging to \u001b[1mdataconnect-debug.log\u001b[22m"}}
[debug] [2026-05-01T16:07:58.276Z] E0502 01:07:58.097850   46004 dev.go:83] Failed to load initial config from "c:\\projects\\client-sites\\dataconnect": could not find dataconnect.yaml in `c:\projects\client-sites\dataconnect`
E0502 01:07:58.244686   46004 watch.go:116] watchAllDir unable to walk dir `c:\projects\client-sites\dataconnect`: GetFileAttributesEx c:\projects\client-sites\dataconnect: The system cannot find the file specified.
 {"metadata":{"emulator":{"name":"dataconnect"},"message":"E0502 01:07:58.097850   46004 dev.go:83] Failed to load initial config from \"c:\\\\projects\\\\client-sites\\\\dataconnect\": could not find dataconnect.yaml in `c:\\projects\\client-sites\\dataconnect`\nE0502 01:07:58.244686   46004 watch.go:116] watchAllDir unable to walk dir `c:\\projects\\client-sites\\dataconnect`: GetFileAttributesEx c:\\projects\\client-sites\\dataconnect: The system cannot find the file specified.\n"}}
[debug] [2026-05-01T16:07:58.365Z] I0502 01:07:58.279584   46004 dev.go:104] Listening on address (HTTP + gRPC): 127.0.0.1:50001
 {"metadata":{"emulator":{"name":"dataconnect"},"message":"I0502 01:07:58.279584   46004 dev.go:104] Listening on address (HTTP + gRPC): 127.0.0.1:50001\n"}}
[debug] [2026-05-01T16:07:58.494Z] <<< [apiv2][status] POST https://www.googleapis.com/oauth2/v3/token 200
[debug] [2026-05-01T16:07:58.494Z] <<< [apiv2][body] POST https://www.googleapis.com/oauth2/v3/token [omitted]
[debug] [2026-05-01T16:07:58.536Z] [Firebase Plugin] User found:  reallywannaknowthings@gmail.com
[info] [Firebase Plugin] (Core:Project) New user detected, fetching projects
[debug] [2026-05-01T16:07:58.538Z] Checked if tokens are valid: true, expires at: 1777655277495
[debug] [2026-05-01T16:07:58.539Z] >>> [apiv2][query] GET https://firebase.googleapis.com/v1beta1/projects pageSize=1000
[error] [Firebase Plugin] error:  {}
[debug] [2026-05-01T16:07:59.929Z] <<< [apiv2][status] GET https://firebase.googleapis.com/v1beta1/projects 200
[debug] [2026-05-01T16:07:59.929Z] <<< [apiv2][body] GET https://firebase.googleapis.com/v1beta1/projects [omitted]
[debug] [2026-05-01T16:08:08.246Z] E0502 01:08:08.246543   46004 watch.go:40] Failed to load config from "c:\\projects\\client-sites\\dataconnect": could not find dataconnect.yaml in `c:\projects\client-sites\dataconnect`
 {"metadata":{"emulator":{"name":"dataconnect"},"message":"E0502 01:08:08.246543   46004 watch.go:40] Failed to load config from \"c:\\\\projects\\\\client-sites\\\\dataconnect\": could not find dataconnect.yaml in `c:\\projects\\client-sites\\dataconnect`\n"}}
[debug] [2026-05-01T16:08:18.245Z] E0502 01:08:18.245437   46004 watch.go:40] Failed to load config from "c:\\projects\\client-sites\\dataconnect": could not find dataconnect.yaml in `c:\projects\client-sites\dataconnect`
 {"metadata":{"emulator":{"name":"dataconnect"},"message":"E0502 01:08:18.245437   46004 watch.go:40] Failed to load config from \"c:\\\\projects\\\\client-sites\\\\dataconnect\": could not find dataconnect.yaml in `c:\\projects\\client-sites\\dataconnect`\n"}}
[debug] [2026-05-01T16:08:28.245Z] E0502 01:08:28.245707   46004 watch.go:40] Failed to load config from "c:\\projects\\client-sites\\dataconnect": could not find dataconnect.yaml in `c:\projects\client-sites\dataconnect`
 {"metadata":{"emulator":{"name":"dataconnect"},"message":"E0502 01:08:28.245707   46004 watch.go:40] Failed to load config from \"c:\\\\projects\\\\client-sites\\\\dataconnect\": could not find dataconnect.yaml in `c:\\projects\\client-sites\\dataconnect`\n"}}
[debug] [2026-05-01T16:08:38.251Z] E0502 01:08:38.251085   46004 watch.go:40] Failed to load config from "c:\\projects\\client-sites\\dataconnect": could not find dataconnect.yaml in `c:\projects\client-sites\dataconnect`
 {"metadata":{"emulator":{"name":"dataconnect"},"message":"E0502 01:08:38.251085   46004 watch.go:40] Failed to load config from \"c:\\\\projects\\\\client-sites\\\\dataconnect\": could not find dataconnect.yaml in `c:\\projects\\client-sites\\dataconnect`\n"}}
[debug] [2026-05-01T16:08:48.246Z] E0502 01:08:48.245692   46004 watch.go:40] Failed to load config from "c:\\projects\\client-sites\\dataconnect": could not find dataconnect.yaml in `c:\projects\client-sites\dataconnect`
 {"metadata":{"emulator":{"name":"dataconnect"},"message":"E0502 01:08:48.245692   46004 watch.go:40] Failed to load config from \"c:\\\\projects\\\\client-sites\\\\dataconnect\": could not find dataconnect.yaml in `c:\\projects\\client-sites\\dataconnect`\n"}}
[debug] [2026-05-01T16:08:58.246Z] E0502 01:08:58.245719   46004 watch.go:116] watchAllDir unable to walk dir `c:\projects\client-sites\dataconnect`: GetFileAttributesEx c:\projects\client-sites\dataconnect: The system cannot find the file specified.
 {"metadata":{"emulator":{"name":"dataconnect"},"message":"E0502 01:08:58.245719   46004 watch.go:116] watchAllDir unable to walk dir `c:\\projects\\client-sites\\dataconnect`: GetFileAttributesEx c:\\projects\\client-sites\\dataconnect: The system cannot find the file specified.\n"}}
[debug] [2026-05-01T16:08:58.246Z] E0502 01:08:58.245719   46004 watch.go:40] Failed to load config from "c:\\projects\\client-sites\\dataconnect": could not find dataconnect.yaml in `c:\projects\client-sites\dataconnect`
 {"metadata":{"emulator":{"name":"dataconnect"},"message":"E0502 01:08:58.245719   46004 watch.go:40] Failed to load config from \"c:\\\\projects\\\\client-sites\\\\dataconnect\": could not find dataconnect.yaml in `c:\\projects\\client-sites\\dataconnect`\n"}}
[debug] [2026-05-01T16:09:08.246Z] E0502 01:09:08.246250   46004 watch.go:40] Failed to load config from "c:\\projects\\client-sites\\dataconnect": could not find dataconnect.yaml in `c:\projects\client-sites\dataconnect`
 {"metadata":{"emulator":{"name":"dataconnect"},"message":"E0502 01:09:08.246250   46004 watch.go:40] Failed to load config from \"c:\\\\projects\\\\client-sites\\\\dataconnect\": could not find dataconnect.yaml in `c:\\projects\\client-sites\\dataconnect`\n"}}
[debug] [2026-05-01T16:09:18.246Z] E0502 01:09:18.245616   46004 watch.go:40] Failed to load config from "c:\\projects\\client-sites\\dataconnect": could not find dataconnect.yaml in `c:\projects\client-sites\dataconnect`
 {"metadata":{"emulator":{"name":"dataconnect"},"message":"E0502 01:09:18.245616   46004 watch.go:40] Failed to load config from \"c:\\\\projects\\\\client-sites\\\\dataconnect\": could not find dataconnect.yaml in `c:\\projects\\client-sites\\dataconnect`\n"}}
[debug] [2026-05-01T16:09:28.246Z] E0502 01:09:28.246419   46004 watch.go:40] Failed to load config from "c:\\projects\\client-sites\\dataconnect": could not find dataconnect.yaml in `c:\projects\client-sites\dataconnect`
 {"metadata":{"emulator":{"name":"dataconnect"},"message":"E0502 01:09:28.246419   46004 watch.go:40] Failed to load config from \"c:\\\\projects\\\\client-sites\\\\dataconnect\": could not find dataconnect.yaml in `c:\\projects\\client-sites\\dataconnect`\n"}}
[debug] [2026-05-01T16:09:38.246Z] E0502 01:09:38.245756   46004 watch.go:40] Failed to load config from "c:\\projects\\client-sites\\dataconnect": could not find dataconnect.yaml in `c:\projects\client-sites\dataconnect`
 {"metadata":{"emulator":{"name":"dataconnect"},"message":"E0502 01:09:38.245756   46004 watch.go:40] Failed to load config from \"c:\\\\projects\\\\client-sites\\\\dataconnect\": could not find dataconnect.yaml in `c:\\projects\\client-sites\\dataconnect`\n"}}
[debug] [2026-05-01T16:09:48.245Z] E0502 01:09:48.245478   46004 watch.go:40] Failed to load config from "c:\\projects\\client-sites\\dataconnect": could not find dataconnect.yaml in `c:\projects\client-sites\dataconnect`
 {"metadata":{"emulator":{"name":"dataconnect"},"message":"E0502 01:09:48.245478   46004 watch.go:40] Failed to load config from \"c:\\\\projects\\\\client-sites\\\\dataconnect\": could not find dataconnect.yaml in `c:\\projects\\client-sites\\dataconnect`\n"}}
[debug] [2026-05-01T16:09:58.246Z] E0502 01:09:58.245599   46004 watch.go:116] watchAllDir unable to walk dir `c:\projects\client-sites\dataconnect`: GetFileAttributesEx c:\projects\client-sites\dataconnect: The system cannot find the file specified.
E0502 01:09:58.245599   46004 watch.go:40] Failed to load config from "c:\\projects\\client-sites\\dataconnect": could not find dataconnect.yaml in `c:\projects\client-sites\dataconnect`
 {"metadata":{"emulator":{"name":"dataconnect"},"message":"E0502 01:09:58.245599   46004 watch.go:116] watchAllDir unable to walk dir `c:\\projects\\client-sites\\dataconnect`: GetFileAttributesEx c:\\projects\\client-sites\\dataconnect: The system cannot find the file specified.\nE0502 01:09:58.245599   46004 watch.go:40] Failed to load config from \"c:\\\\projects\\\\client-sites\\\\dataconnect\": could not find dataconnect.yaml in `c:\\projects\\client-sites\\dataconnect`\n"}}
[debug] [2026-05-01T16:10:08.246Z] E0502 01:10:08.245826   46004 watch.go:40] Failed to load config from "c:\\projects\\client-sites\\dataconnect": could not find dataconnect.yaml in `c:\projects\client-sites\dataconnect`
 {"metadata":{"emulator":{"name":"dataconnect"},"message":"E0502 01:10:08.245826   46004 watch.go:40] Failed to load config from \"c:\\\\projects\\\\client-sites\\\\dataconnect\": could not find dataconnect.yaml in `c:\\projects\\client-sites\\dataconnect`\n"}}
[debug] [2026-05-01T16:10:18.246Z] E0502 01:10:18.245491   46004 watch.go:40] Failed to load config from "c:\\projects\\client-sites\\dataconnect": could not find dataconnect.yaml in `c:\projects\client-sites\dataconnect`
 {"metadata":{"emulator":{"name":"dataconnect"},"message":"E0502 01:10:18.245491   46004 watch.go:40] Failed to load config from \"c:\\\\projects\\\\client-sites\\\\dataconnect\": could not find dataconnect.yaml in `c:\\projects\\client-sites\\dataconnect`\n"}}
[debug] [2026-05-01T16:10:28.245Z] E0502 01:10:28.245381   46004 watch.go:40] Failed to load config from "c:\\projects\\client-sites\\dataconnect": could not find dataconnect.yaml in `c:\projects\client-sites\dataconnect`
 {"metadata":{"emulator":{"name":"dataconnect"},"message":"E0502 01:10:28.245381   46004 watch.go:40] Failed to load config from \"c:\\\\projects\\\\client-sites\\\\dataconnect\": could not find dataconnect.yaml in `c:\\projects\\client-sites\\dataconnect`\n"}}
[debug] [2026-05-01T16:10:38.245Z] E0502 01:10:38.245500   46004 watch.go:40] Failed to load config from "c:\\projects\\client-sites\\dataconnect": could not find dataconnect.yaml in `c:\projects\client-sites\dataconnect`
 {"metadata":{"emulator":{"name":"dataconnect"},"message":"E0502 01:10:38.245500   46004 watch.go:40] Failed to load config from \"c:\\\\projects\\\\client-sites\\\\dataconnect\": could not find dataconnect.yaml in `c:\\projects\\client-sites\\dataconnect`\n"}}
[debug] [2026-05-01T16:10:48.246Z] E0502 01:10:48.245713   46004 watch.go:40] Failed to load config from "c:\\projects\\client-sites\\dataconnect": could not find dataconnect.yaml in `c:\projects\client-sites\dataconnect`
 {"metadata":{"emulator":{"name":"dataconnect"},"message":"E0502 01:10:48.245713   46004 watch.go:40] Failed to load config from \"c:\\\\projects\\\\client-sites\\\\dataconnect\": could not find dataconnect.yaml in `c:\\projects\\client-sites\\dataconnect`\n"}}
[debug] [2026-05-01T16:10:58.246Z] E0502 01:10:58.245830   46004 watch.go:40] Failed to load config from "c:\\projects\\client-sites\\dataconnect": could not find dataconnect.yaml in `c:\projects\client-sites\dataconnect`
E0502 01:10:58.245830   46004 watch.go:116] watchAllDir unable to walk dir `c:\projects\client-sites\dataconnect`: GetFileAttributesEx c:\projects\client-sites\dataconnect: The system cannot find the file specified.
 {"metadata":{"emulator":{"name":"dataconnect"},"message":"E0502 01:10:58.245830   46004 watch.go:40] Failed to load config from \"c:\\\\projects\\\\client-sites\\\\dataconnect\": could not find dataconnect.yaml in `c:\\projects\\client-sites\\dataconnect`\nE0502 01:10:58.245830   46004 watch.go:116] watchAllDir unable to walk dir `c:\\projects\\client-sites\\dataconnect`: GetFileAttributesEx c:\\projects\\client-sites\\dataconnect: The system cannot find the file specified.\n"}}
[debug] [2026-05-01T16:11:08.246Z] E0502 01:11:08.245839   46004 watch.go:40] Failed to load config from "c:\\projects\\client-sites\\dataconnect": could not find dataconnect.yaml in `c:\projects\client-sites\dataconnect`
 {"metadata":{"emulator":{"name":"dataconnect"},"message":"E0502 01:11:08.245839   46004 watch.go:40] Failed to load config from \"c:\\\\projects\\\\client-sites\\\\dataconnect\": could not find dataconnect.yaml in `c:\\projects\\client-sites\\dataconnect`\n"}}
[debug] [2026-05-01T16:11:18.245Z] E0502 01:11:18.245579   46004 watch.go:40] Failed to load config from "c:\\projects\\client-sites\\dataconnect": could not find dataconnect.yaml in `c:\projects\client-sites\dataconnect`
 {"metadata":{"emulator":{"name":"dataconnect"},"message":"E0502 01:11:18.245579   46004 watch.go:40] Failed to load config from \"c:\\\\projects\\\\client-sites\\\\dataconnect\": could not find dataconnect.yaml in `c:\\projects\\client-sites\\dataconnect`\n"}}
[debug] [2026-05-01T16:11:28.245Z] E0502 01:11:28.245640   46004 watch.go:40] Failed to load config from "c:\\projects\\client-sites\\dataconnect": could not find dataconnect.yaml in `c:\projects\client-sites\dataconnect`
 {"metadata":{"emulator":{"name":"dataconnect"},"message":"E0502 01:11:28.245640   46004 watch.go:40] Failed to load config from \"c:\\\\projects\\\\client-sites\\\\dataconnect\": could not find dataconnect.yaml in `c:\\projects\\client-sites\\dataconnect`\n"}}
[debug] [2026-05-01T16:11:38.245Z] E0502 01:11:38.245684   46004 watch.go:40] Failed to load config from "c:\\projects\\client-sites\\dataconnect": could not find dataconnect.yaml in `c:\projects\client-sites\dataconnect`
 {"metadata":{"emulator":{"name":"dataconnect"},"message":"E0502 01:11:38.245684   46004 watch.go:40] Failed to load config from \"c:\\\\projects\\\\client-sites\\\\dataconnect\": could not find dataconnect.yaml in `c:\\projects\\client-sites\\dataconnect`\n"}}
[debug] [2026-05-01T16:11:48.245Z] E0502 01:11:48.245603   46004 watch.go:40] Failed to load config from "c:\\projects\\client-sites\\dataconnect": could not find dataconnect.yaml in `c:\projects\client-sites\dataconnect`
 {"metadata":{"emulator":{"name":"dataconnect"},"message":"E0502 01:11:48.245603   46004 watch.go:40] Failed to load config from \"c:\\\\projects\\\\client-sites\\\\dataconnect\": could not find dataconnect.yaml in `c:\\projects\\client-sites\\dataconnect`\n"}}
[debug] [2026-05-01T16:11:58.245Z] E0502 01:11:58.245773   46004 watch.go:116] watchAllDir unable to walk dir `c:\projects\client-sites\dataconnect`: GetFileAttributesEx c:\projects\client-sites\dataconnect: The system cannot find the file specified.
E0502 01:11:58.245773   46004 watch.go:40] Failed to load config from "c:\\projects\\client-sites\\dataconnect": could not find dataconnect.yaml in `c:\projects\client-sites\dataconnect`
 {"metadata":{"emulator":{"name":"dataconnect"},"message":"E0502 01:11:58.245773   46004 watch.go:116] watchAllDir unable to walk dir `c:\\projects\\client-sites\\dataconnect`: GetFileAttributesEx c:\\projects\\client-sites\\dataconnect: The system cannot find the file specified.\nE0502 01:11:58.245773   46004 watch.go:40] Failed to load config from \"c:\\\\projects\\\\client-sites\\\\dataconnect\": could not find dataconnect.yaml in `c:\\projects\\client-sites\\dataconnect`\n"}}
[debug] [2026-05-01T16:12:08.246Z] E0502 01:12:08.245812   46004 watch.go:40] Failed to load config from "c:\\projects\\client-sites\\dataconnect": could not find dataconnect.yaml in `c:\projects\client-sites\dataconnect`
 {"metadata":{"emulator":{"name":"dataconnect"},"message":"E0502 01:12:08.245812   46004 watch.go:40] Failed to load config from \"c:\\\\projects\\\\client-sites\\\\dataconnect\": could not find dataconnect.yaml in `c:\\projects\\client-sites\\dataconnect`\n"}}
[debug] [2026-05-01T16:12:18.246Z] E0502 01:12:18.246825   46004 watch.go:40] Failed to load config from "c:\\projects\\client-sites\\dataconnect": could not find dataconnect.yaml in `c:\projects\client-sites\dataconnect`
 {"metadata":{"emulator":{"name":"dataconnect"},"message":"E0502 01:12:18.246825   46004 watch.go:40] Failed to load config from \"c:\\\\projects\\\\client-sites\\\\dataconnect\": could not find dataconnect.yaml in `c:\\projects\\client-sites\\dataconnect`\n"}}
[debug] [2026-05-01T16:12:28.245Z] E0502 01:12:28.245336   46004 watch.go:40] Failed to load config from "c:\\projects\\client-sites\\dataconnect": could not find dataconnect.yaml in `c:\projects\client-sites\dataconnect`
 {"metadata":{"emulator":{"name":"dataconnect"},"message":"E0502 01:12:28.245336   46004 watch.go:40] Failed to load config from \"c:\\\\projects\\\\client-sites\\\\dataconnect\": could not find dataconnect.yaml in `c:\\projects\\client-sites\\dataconnect`\n"}}
[debug] [2026-05-01T16:12:38.245Z] E0502 01:12:38.245709   46004 watch.go:40] Failed to load config from "c:\\projects\\client-sites\\dataconnect": could not find dataconnect.yaml in `c:\projects\client-sites\dataconnect`
 {"metadata":{"emulator":{"name":"dataconnect"},"message":"E0502 01:12:38.245709   46004 watch.go:40] Failed to load config from \"c:\\\\projects\\\\client-sites\\\\dataconnect\": could not find dataconnect.yaml in `c:\\projects\\client-sites\\dataconnect`\n"}}
[debug] [2026-05-01T16:12:48.245Z] E0502 01:12:48.245374   46004 watch.go:40] Failed to load config from "c:\\projects\\client-sites\\dataconnect": could not find dataconnect.yaml in `c:\projects\client-sites\dataconnect`
 {"metadata":{"emulator":{"name":"dataconnect"},"message":"E0502 01:12:48.245374   46004 watch.go:40] Failed to load config from \"c:\\\\projects\\\\client-sites\\\\dataconnect\": could not find dataconnect.yaml in `c:\\projects\\client-sites\\dataconnect`\n"}}
[debug] [2026-05-01T16:12:58.245Z] E0502 01:12:58.245958   46004 watch.go:116] watchAllDir unable to walk dir `c:\projects\client-sites\dataconnect`: GetFileAttributesEx c:\projects\client-sites\dataconnect: The system cannot find the file specified.
 {"metadata":{"emulator":{"name":"dataconnect"},"message":"E0502 01:12:58.245958   46004 watch.go:116] watchAllDir unable to walk dir `c:\\projects\\client-sites\\dataconnect`: GetFileAttributesEx c:\\projects\\client-sites\\dataconnect: The system cannot find the file specified.\n"}}
[debug] [2026-05-01T16:12:58.246Z] E0502 01:12:58.245958   46004 watch.go:40] Failed to load config from "c:\\projects\\client-sites\\dataconnect": could not find dataconnect.yaml in `c:\projects\client-sites\dataconnect`
 {"metadata":{"emulator":{"name":"dataconnect"},"message":"E0502 01:12:58.245958   46004 watch.go:40] Failed to load config from \"c:\\\\projects\\\\client-sites\\\\dataconnect\": could not find dataconnect.yaml in `c:\\projects\\client-sites\\dataconnect`\n"}}
[debug] [2026-05-01T16:13:08.245Z] E0502 01:13:08.245998   46004 watch.go:40] Failed to load config from "c:\\projects\\client-sites\\dataconnect": could not find dataconnect.yaml in `c:\projects\client-sites\dataconnect`
 {"metadata":{"emulator":{"name":"dataconnect"},"message":"E0502 01:13:08.245998   46004 watch.go:40] Failed to load config from \"c:\\\\projects\\\\client-sites\\\\dataconnect\": could not find dataconnect.yaml in `c:\\projects\\client-sites\\dataconnect`\n"}}
[debug] [2026-05-01T16:13:18.245Z] E0502 01:13:18.245451   46004 watch.go:40] Failed to load config from "c:\\projects\\client-sites\\dataconnect": could not find dataconnect.yaml in `c:\projects\client-sites\dataconnect`
 {"metadata":{"emulator":{"name":"dataconnect"},"message":"E0502 01:13:18.245451   46004 watch.go:40] Failed to load config from \"c:\\\\projects\\\\client-sites\\\\dataconnect\": could not find dataconnect.yaml in `c:\\projects\\client-sites\\dataconnect`\n"}}
[debug] [2026-05-01T16:13:28.246Z] E0502 01:13:28.245722   46004 watch.go:40] Failed to load config from "c:\\projects\\client-sites\\dataconnect": could not find dataconnect.yaml in `c:\projects\client-sites\dataconnect`
 {"metadata":{"emulator":{"name":"dataconnect"},"message":"E0502 01:13:28.245722   46004 watch.go:40] Failed to load config from \"c:\\\\projects\\\\client-sites\\\\dataconnect\": could not find dataconnect.yaml in `c:\\projects\\client-sites\\dataconnect`\n"}}
[debug] [2026-05-01T16:13:38.245Z] E0502 01:13:38.245369   46004 watch.go:40] Failed to load config from "c:\\projects\\client-sites\\dataconnect": could not find dataconnect.yaml in `c:\projects\client-sites\dataconnect`
 {"metadata":{"emulator":{"name":"dataconnect"},"message":"E0502 01:13:38.245369   46004 watch.go:40] Failed to load config from \"c:\\\\projects\\\\client-sites\\\\dataconnect\": could not find dataconnect.yaml in `c:\\projects\\client-sites\\dataconnect`\n"}}
[debug] [2026-05-01T16:13:48.246Z] E0502 01:13:48.245696   46004 watch.go:40] Failed to load config from "c:\\projects\\client-sites\\dataconnect": could not find dataconnect.yaml in `c:\projects\client-sites\dataconnect`
 {"metadata":{"emulator":{"name":"dataconnect"},"message":"E0502 01:13:48.245696   46004 watch.go:40] Failed to load config from \"c:\\\\projects\\\\client-sites\\\\dataconnect\": could not find dataconnect.yaml in `c:\\projects\\client-sites\\dataconnect`\n"}}
[debug] [2026-05-01T16:13:58.246Z] E0502 01:13:58.246282   46004 watch.go:116] watchAllDir unable to walk dir `c:\projects\client-sites\dataconnect`: GetFileAttributesEx c:\projects\client-sites\dataconnect: The system cannot find the file specified.
E0502 01:13:58.246282   46004 watch.go:40] Failed to load config from "c:\\projects\\client-sites\\dataconnect": could not find dataconnect.yaml in `c:\projects\client-sites\dataconnect`
 {"metadata":{"emulator":{"name":"dataconnect"},"message":"E0502 01:13:58.246282   46004 watch.go:116] watchAllDir unable to walk dir `c:\\projects\\client-sites\\dataconnect`: GetFileAttributesEx c:\\projects\\client-sites\\dataconnect: The system cannot find the file specified.\nE0502 01:13:58.246282   46004 watch.go:40] Failed to load config from \"c:\\\\projects\\\\client-sites\\\\dataconnect\": could not find dataconnect.yaml in `c:\\projects\\client-sites\\dataconnect`\n"}}
[debug] [2026-05-01T16:14:08.245Z] E0502 01:14:08.245535   46004 watch.go:40] Failed to load config from "c:\\projects\\client-sites\\dataconnect": could not find dataconnect.yaml in `c:\projects\client-sites\dataconnect`
 {"metadata":{"emulator":{"name":"dataconnect"},"message":"E0502 01:14:08.245535   46004 watch.go:40] Failed to load config from \"c:\\\\projects\\\\client-sites\\\\dataconnect\": could not find dataconnect.yaml in `c:\\projects\\client-sites\\dataconnect`\n"}}
[debug] [2026-05-01T16:14:18.245Z] E0502 01:14:18.245470   46004 watch.go:40] Failed to load config from "c:\\projects\\client-sites\\dataconnect": could not find dataconnect.yaml in `c:\projects\client-sites\dataconnect`
 {"metadata":{"emulator":{"name":"dataconnect"},"message":"E0502 01:14:18.245470   46004 watch.go:40] Failed to load config from \"c:\\\\projects\\\\client-sites\\\\dataconnect\": could not find dataconnect.yaml in `c:\\projects\\client-sites\\dataconnect`\n"}}
[debug] [2026-05-01T16:14:28.246Z] E0502 01:14:28.245524   46004 watch.go:40] Failed to load config from "c:\\projects\\client-sites\\dataconnect": could not find dataconnect.yaml in `c:\projects\client-sites\dataconnect`
 {"metadata":{"emulator":{"name":"dataconnect"},"message":"E0502 01:14:28.245524   46004 watch.go:40] Failed to load config from \"c:\\\\projects\\\\client-sites\\\\dataconnect\": could not find dataconnect.yaml in `c:\\projects\\client-sites\\dataconnect`\n"}}
[debug] [2026-05-01T16:14:38.246Z] E0502 01:14:38.245552   46004 watch.go:40] Failed to load config from "c:\\projects\\client-sites\\dataconnect": could not find dataconnect.yaml in `c:\projects\client-sites\dataconnect`
 {"metadata":{"emulator":{"name":"dataconnect"},"message":"E0502 01:14:38.245552   46004 watch.go:40] Failed to load config from \"c:\\\\projects\\\\client-sites\\\\dataconnect\": could not find dataconnect.yaml in `c:\\projects\\client-sites\\dataconnect`\n"}}
[debug] [2026-05-01T16:14:48.246Z] E0502 01:14:48.245866   46004 watch.go:40] Failed to load config from "c:\\projects\\client-sites\\dataconnect": could not find dataconnect.yaml in `c:\projects\client-sites\dataconnect`
 {"metadata":{"emulator":{"name":"dataconnect"},"message":"E0502 01:14:48.245866   46004 watch.go:40] Failed to load config from \"c:\\\\projects\\\\client-sites\\\\dataconnect\": could not find dataconnect.yaml in `c:\\projects\\client-sites\\dataconnect`\n"}}
[debug] [2026-05-01T16:14:58.245Z] E0502 01:14:58.245468   46004 watch.go:116] watchAllDir unable to walk dir `c:\projects\client-sites\dataconnect`: GetFileAttributesEx c:\projects\client-sites\dataconnect: The system cannot find the file specified.
 {"metadata":{"emulator":{"name":"dataconnect"},"message":"E0502 01:14:58.245468   46004 watch.go:116] watchAllDir unable to walk dir `c:\\projects\\client-sites\\dataconnect`: GetFileAttributesEx c:\\projects\\client-sites\\dataconnect: The system cannot find the file specified.\n"}}
[debug] [2026-05-01T16:14:58.246Z] E0502 01:14:58.245468   46004 watch.go:40] Failed to load config from "c:\\projects\\client-sites\\dataconnect": could not find dataconnect.yaml in `c:\projects\client-sites\dataconnect`
 {"metadata":{"emulator":{"name":"dataconnect"},"message":"E0502 01:14:58.245468   46004 watch.go:40] Failed to load config from \"c:\\\\projects\\\\client-sites\\\\dataconnect\": could not find dataconnect.yaml in `c:\\projects\\client-sites\\dataconnect`\n"}}
[debug] [2026-05-01T16:15:08.245Z] E0502 01:15:08.245554   46004 watch.go:40] Failed to load config from "c:\\projects\\client-sites\\dataconnect": could not find dataconnect.yaml in `c:\projects\client-sites\dataconnect`
 {"metadata":{"emulator":{"name":"dataconnect"},"message":"E0502 01:15:08.245554   46004 watch.go:40] Failed to load config from \"c:\\\\projects\\\\client-sites\\\\dataconnect\": could not find dataconnect.yaml in `c:\\projects\\client-sites\\dataconnect`\n"}}
[debug] [2026-05-01T16:15:18.246Z] E0502 01:15:18.245772   46004 watch.go:40] Failed to load config from "c:\\projects\\client-sites\\dataconnect": could not find dataconnect.yaml in `c:\projects\client-sites\dataconnect`
 {"metadata":{"emulator":{"name":"dataconnect"},"message":"E0502 01:15:18.245772   46004 watch.go:40] Failed to load config from \"c:\\\\projects\\\\client-sites\\\\dataconnect\": could not find dataconnect.yaml in `c:\\projects\\client-sites\\dataconnect`\n"}}
[debug] [2026-05-01T16:15:28.246Z] E0502 01:15:28.245663   46004 watch.go:40] Failed to load config from "c:\\projects\\client-sites\\dataconnect": could not find dataconnect.yaml in `c:\projects\client-sites\dataconnect`
 {"metadata":{"emulator":{"name":"dataconnect"},"message":"E0502 01:15:28.245663   46004 watch.go:40] Failed to load config from \"c:\\\\projects\\\\client-sites\\\\dataconnect\": could not find dataconnect.yaml in `c:\\projects\\client-sites\\dataconnect`\n"}}
[debug] [2026-05-01T16:15:38.246Z] E0502 01:15:38.245660   46004 watch.go:40] Failed to load config from "c:\\projects\\client-sites\\dataconnect": could not find dataconnect.yaml in `c:\projects\client-sites\dataconnect`
 {"metadata":{"emulator":{"name":"dataconnect"},"message":"E0502 01:15:38.245660   46004 watch.go:40] Failed to load config from \"c:\\\\projects\\\\client-sites\\\\dataconnect\": could not find dataconnect.yaml in `c:\\projects\\client-sites\\dataconnect`\n"}}
[debug] [2026-05-01T16:15:48.246Z] E0502 01:15:48.245662   46004 watch.go:40] Failed to load config from "c:\\projects\\client-sites\\dataconnect": could not find dataconnect.yaml in `c:\projects\client-sites\dataconnect`
 {"metadata":{"emulator":{"name":"dataconnect"},"message":"E0502 01:15:48.245662   46004 watch.go:40] Failed to load config from \"c:\\\\projects\\\\client-sites\\\\dataconnect\": could not find dataconnect.yaml in `c:\\projects\\client-sites\\dataconnect`\n"}}
[debug] [2026-05-01T16:15:58.245Z] E0502 01:15:58.245546   46004 watch.go:116] watchAllDir unable to walk dir `c:\projects\client-sites\dataconnect`: GetFileAttributesEx c:\projects\client-sites\dataconnect: The system cannot find the file specified.
E0502 01:15:58.245546   46004 watch.go:40] Failed to load config from "c:\\projects\\client-sites\\dataconnect": could not find dataconnect.yaml in `c:\projects\client-sites\dataconnect`
 {"metadata":{"emulator":{"name":"dataconnect"},"message":"E0502 01:15:58.245546   46004 watch.go:116] watchAllDir unable to walk dir `c:\\projects\\client-sites\\dataconnect`: GetFileAttributesEx c:\\projects\\client-sites\\dataconnect: The system cannot find the file specified.\nE0502 01:15:58.245546   46004 watch.go:40] Failed to load config from \"c:\\\\projects\\\\client-sites\\\\dataconnect\": could not find dataconnect.yaml in `c:\\projects\\client-sites\\dataconnect`\n"}}
[debug] [2026-05-01T16:16:08.246Z] E0502 01:16:08.245925   46004 watch.go:40] Failed to load config from "c:\\projects\\client-sites\\dataconnect": could not find dataconnect.yaml in `c:\projects\client-sites\dataconnect`
 {"metadata":{"emulator":{"name":"dataconnect"},"message":"E0502 01:16:08.245925   46004 watch.go:40] Failed to load config from \"c:\\\\projects\\\\client-sites\\\\dataconnect\": could not find dataconnect.yaml in `c:\\projects\\client-sites\\dataconnect`\n"}}
[debug] [2026-05-01T16:16:18.246Z] E0502 01:16:18.245851   46004 watch.go:40] Failed to load config from "c:\\projects\\client-sites\\dataconnect": could not find dataconnect.yaml in `c:\projects\client-sites\dataconnect`
 {"metadata":{"emulator":{"name":"dataconnect"},"message":"E0502 01:16:18.245851   46004 watch.go:40] Failed to load config from \"c:\\\\projects\\\\client-sites\\\\dataconnect\": could not find dataconnect.yaml in `c:\\projects\\client-sites\\dataconnect`\n"}}
[debug] [2026-05-01T16:16:28.247Z] E0502 01:16:28.247039   46004 watch.go:40] Failed to load config from "c:\\projects\\client-sites\\dataconnect": could not find dataconnect.yaml in `c:\projects\client-sites\dataconnect`
 {"metadata":{"emulator":{"name":"dataconnect"},"message":"E0502 01:16:28.247039   46004 watch.go:40] Failed to load config from \"c:\\\\projects\\\\client-sites\\\\dataconnect\": could not find dataconnect.yaml in `c:\\projects\\client-sites\\dataconnect`\n"}}
[debug] [2026-05-01T16:16:38.245Z] E0502 01:16:38.245333   46004 watch.go:40] Failed to load config from "c:\\projects\\client-sites\\dataconnect": could not find dataconnect.yaml in `c:\projects\client-sites\dataconnect`
 {"metadata":{"emulator":{"name":"dataconnect"},"message":"E0502 01:16:38.245333   46004 watch.go:40] Failed to load config from \"c:\\\\projects\\\\client-sites\\\\dataconnect\": could not find dataconnect.yaml in `c:\\projects\\client-sites\\dataconnect`\n"}}
[debug] [2026-05-01T16:16:48.245Z] E0502 01:16:48.245548   46004 watch.go:40] Failed to load config from "c:\\projects\\client-sites\\dataconnect": could not find dataconnect.yaml in `c:\projects\client-sites\dataconnect`
 {"metadata":{"emulator":{"name":"dataconnect"},"message":"E0502 01:16:48.245548   46004 watch.go:40] Failed to load config from \"c:\\\\projects\\\\client-sites\\\\dataconnect\": could not find dataconnect.yaml in `c:\\projects\\client-sites\\dataconnect`\n"}}
[debug] [2026-05-01T16:16:58.246Z] E0502 01:16:58.245881   46004 watch.go:116] watchAllDir unable to walk dir `c:\projects\client-sites\dataconnect`: GetFileAttributesEx c:\projects\client-sites\dataconnect: The system cannot find the file specified.
E0502 01:16:58.245881   46004 watch.go:40] Failed to load config from "c:\\projects\\client-sites\\dataconnect": could not find dataconnect.yaml in `c:\projects\client-sites\dataconnect`
 {"metadata":{"emulator":{"name":"dataconnect"},"message":"E0502 01:16:58.245881   46004 watch.go:116] watchAllDir unable to walk dir `c:\\projects\\client-sites\\dataconnect`: GetFileAttributesEx c:\\projects\\client-sites\\dataconnect: The system cannot find the file specified.\nE0502 01:16:58.245881   46004 watch.go:40] Failed to load config from \"c:\\\\projects\\\\client-sites\\\\dataconnect\": could not find dataconnect.yaml in `c:\\projects\\client-sites\\dataconnect`\n"}}
[debug] [2026-05-01T16:17:08.246Z] E0502 01:17:08.245573   46004 watch.go:40] Failed to load config from "c:\\projects\\client-sites\\dataconnect": could not find dataconnect.yaml in `c:\projects\client-sites\dataconnect`
 {"metadata":{"emulator":{"name":"dataconnect"},"message":"E0502 01:17:08.245573   46004 watch.go:40] Failed to load config from \"c:\\\\projects\\\\client-sites\\\\dataconnect\": could not find dataconnect.yaml in `c:\\projects\\client-sites\\dataconnect`\n"}}
[debug] [2026-05-01T16:17:18.246Z] E0502 01:17:18.245833   46004 watch.go:40] Failed to load config from "c:\\projects\\client-sites\\dataconnect": could not find dataconnect.yaml in `c:\projects\client-sites\dataconnect`
 {"metadata":{"emulator":{"name":"dataconnect"},"message":"E0502 01:17:18.245833   46004 watch.go:40] Failed to load config from \"c:\\\\projects\\\\client-sites\\\\dataconnect\": could not find dataconnect.yaml in `c:\\projects\\client-sites\\dataconnect`\n"}}
[debug] [2026-05-01T16:17:28.246Z] E0502 01:17:28.245799   46004 watch.go:40] Failed to load config from "c:\\projects\\client-sites\\dataconnect": could not find dataconnect.yaml in `c:\projects\client-sites\dataconnect`
 {"metadata":{"emulator":{"name":"dataconnect"},"message":"E0502 01:17:28.245799   46004 watch.go:40] Failed to load config from \"c:\\\\projects\\\\client-sites\\\\dataconnect\": could not find dataconnect.yaml in `c:\\projects\\client-sites\\dataconnect`\n"}}
[debug] [2026-05-01T16:17:38.246Z] E0502 01:17:38.245497   46004 watch.go:40] Failed to load config from "c:\\projects\\client-sites\\dataconnect": could not find dataconnect.yaml in `c:\projects\client-sites\dataconnect`
 {"metadata":{"emulator":{"name":"dataconnect"},"message":"E0502 01:17:38.245497   46004 watch.go:40] Failed to load config from \"c:\\\\projects\\\\client-sites\\\\dataconnect\": could not find dataconnect.yaml in `c:\\projects\\client-sites\\dataconnect`\n"}}
[debug] [2026-05-01T16:17:48.246Z] E0502 01:17:48.246083   46004 watch.go:40] Failed to load config from "c:\\projects\\client-sites\\dataconnect": could not find dataconnect.yaml in `c:\projects\client-sites\dataconnect`
 {"metadata":{"emulator":{"name":"dataconnect"},"message":"E0502 01:17:48.246083   46004 watch.go:40] Failed to load config from \"c:\\\\projects\\\\client-sites\\\\dataconnect\": could not find dataconnect.yaml in `c:\\projects\\client-sites\\dataconnect`\n"}}
[debug] [2026-05-01T16:17:58.246Z] E0502 01:17:58.245843   46004 watch.go:116] watchAllDir unable to walk dir `c:\projects\client-sites\dataconnect`: GetFileAttributesEx c:\projects\client-sites\dataconnect: The system cannot find the file specified.
E0502 01:17:58.245843   46004 watch.go:40] Failed to load config from "c:\\projects\\client-sites\\dataconnect": could not find dataconnect.yaml in `c:\projects\client-sites\dataconnect`
 {"metadata":{"emulator":{"name":"dataconnect"},"message":"E0502 01:17:58.245843   46004 watch.go:116] watchAllDir unable to walk dir `c:\\projects\\client-sites\\dataconnect`: GetFileAttributesEx c:\\projects\\client-sites\\dataconnect: The system cannot find the file specified.\nE0502 01:17:58.245843   46004 watch.go:40] Failed to load config from \"c:\\\\projects\\\\client-sites\\\\dataconnect\": could not find dataconnect.yaml in `c:\\projects\\client-sites\\dataconnect`\n"}}
[debug] [2026-05-01T16:18:08.246Z] E0502 01:18:08.245604   46004 watch.go:40] Failed to load config from "c:\\projects\\client-sites\\dataconnect": could not find dataconnect.yaml in `c:\projects\client-sites\dataconnect`
 {"metadata":{"emulator":{"name":"dataconnect"},"message":"E0502 01:18:08.245604   46004 watch.go:40] Failed to load config from \"c:\\\\projects\\\\client-sites\\\\dataconnect\": could not find dataconnect.yaml in `c:\\projects\\client-sites\\dataconnect`\n"}}
[debug] [2026-05-01T16:18:18.246Z] E0502 01:18:18.245845   46004 watch.go:40] Failed to load config from "c:\\projects\\client-sites\\dataconnect": could not find dataconnect.yaml in `c:\projects\client-sites\dataconnect`
 {"metadata":{"emulator":{"name":"dataconnect"},"message":"E0502 01:18:18.245845   46004 watch.go:40] Failed to load config from \"c:\\\\projects\\\\client-sites\\\\dataconnect\": could not find dataconnect.yaml in `c:\\projects\\client-sites\\dataconnect`\n"}}
[debug] [2026-05-01T16:18:28.245Z] E0502 01:18:28.245427   46004 watch.go:40] Failed to load config from "c:\\projects\\client-sites\\dataconnect": could not find dataconnect.yaml in `c:\projects\client-sites\dataconnect`
 {"metadata":{"emulator":{"name":"dataconnect"},"message":"E0502 01:18:28.245427   46004 watch.go:40] Failed to load config from \"c:\\\\projects\\\\client-sites\\\\dataconnect\": could not find dataconnect.yaml in `c:\\projects\\client-sites\\dataconnect`\n"}}
[debug] [2026-05-01T16:18:38.245Z] E0502 01:18:38.245326   46004 watch.go:40] Failed to load config from "c:\\projects\\client-sites\\dataconnect": could not find dataconnect.yaml in `c:\projects\client-sites\dataconnect`
 {"metadata":{"emulator":{"name":"dataconnect"},"message":"E0502 01:18:38.245326   46004 watch.go:40] Failed to load config from \"c:\\\\projects\\\\client-sites\\\\dataconnect\": could not find dataconnect.yaml in `c:\\projects\\client-sites\\dataconnect`\n"}}
[debug] [2026-05-01T16:18:48.245Z] E0502 01:18:48.245356   46004 watch.go:40] Failed to load config from "c:\\projects\\client-sites\\dataconnect": could not find dataconnect.yaml in `c:\projects\client-sites\dataconnect`
 {"metadata":{"emulator":{"name":"dataconnect"},"message":"E0502 01:18:48.245356   46004 watch.go:40] Failed to load config from \"c:\\\\projects\\\\client-sites\\\\dataconnect\": could not find dataconnect.yaml in `c:\\projects\\client-sites\\dataconnect`\n"}}
[debug] [2026-05-01T16:18:58.245Z] E0502 01:18:58.245757   46004 watch.go:116] watchAllDir unable to walk dir `c:\projects\client-sites\dataconnect`: GetFileAttributesEx c:\projects\client-sites\dataconnect: The system cannot find the file specified.
E0502 01:18:58.245757   46004 watch.go:40] Failed to load config from "c:\\projects\\client-sites\\dataconnect": could not find dataconnect.yaml in `c:\projects\client-sites\dataconnect`
 {"metadata":{"emulator":{"name":"dataconnect"},"message":"E0502 01:18:58.245757   46004 watch.go:116] watchAllDir unable to walk dir `c:\\projects\\client-sites\\dataconnect`: GetFileAttributesEx c:\\projects\\client-sites\\dataconnect: The system cannot find the file specified.\nE0502 01:18:58.245757   46004 watch.go:40] Failed to load config from \"c:\\\\projects\\\\client-sites\\\\dataconnect\": could not find dataconnect.yaml in `c:\\projects\\client-sites\\dataconnect`\n"}}
[debug] [2026-05-01T16:19:08.246Z] E0502 01:19:08.246128   46004 watch.go:40] Failed to load config from "c:\\projects\\client-sites\\dataconnect": could not find dataconnect.yaml in `c:\projects\client-sites\dataconnect`
 {"metadata":{"emulator":{"name":"dataconnect"},"message":"E0502 01:19:08.246128   46004 watch.go:40] Failed to load config from \"c:\\\\projects\\\\client-sites\\\\dataconnect\": could not find dataconnect.yaml in `c:\\projects\\client-sites\\dataconnect`\n"}}
[debug] [2026-05-01T16:19:18.246Z] E0502 01:19:18.245899   46004 watch.go:40] Failed to load config from "c:\\projects\\client-sites\\dataconnect": could not find dataconnect.yaml in `c:\projects\client-sites\dataconnect`
 {"metadata":{"emulator":{"name":"dataconnect"},"message":"E0502 01:19:18.245899   46004 watch.go:40] Failed to load config from \"c:\\\\projects\\\\client-sites\\\\dataconnect\": could not find dataconnect.yaml in `c:\\projects\\client-sites\\dataconnect`\n"}}
[debug] [2026-05-01T16:19:28.245Z] E0502 01:19:28.245447   46004 watch.go:40] Failed to load config from "c:\\projects\\client-sites\\dataconnect": could not find dataconnect.yaml in `c:\projects\client-sites\dataconnect`
 {"metadata":{"emulator":{"name":"dataconnect"},"message":"E0502 01:19:28.245447   46004 watch.go:40] Failed to load config from \"c:\\\\projects\\\\client-sites\\\\dataconnect\": could not find dataconnect.yaml in `c:\\projects\\client-sites\\dataconnect`\n"}}
[debug] [2026-05-01T16:19:38.246Z] E0502 01:19:38.245815   46004 watch.go:40] Failed to load config from "c:\\projects\\client-sites\\dataconnect": could not find dataconnect.yaml in `c:\projects\client-sites\dataconnect`
 {"metadata":{"emulator":{"name":"dataconnect"},"message":"E0502 01:19:38.245815   46004 watch.go:40] Failed to load config from \"c:\\\\projects\\\\client-sites\\\\dataconnect\": could not find dataconnect.yaml in `c:\\projects\\client-sites\\dataconnect`\n"}}
[debug] [2026-05-01T16:19:48.246Z] E0502 01:19:48.245600   46004 watch.go:40] Failed to load config from "c:\\projects\\client-sites\\dataconnect": could not find dataconnect.yaml in `c:\projects\client-sites\dataconnect`
 {"metadata":{"emulator":{"name":"dataconnect"},"message":"E0502 01:19:48.245600   46004 watch.go:40] Failed to load config from \"c:\\\\projects\\\\client-sites\\\\dataconnect\": could not find dataconnect.yaml in `c:\\projects\\client-sites\\dataconnect`\n"}}
[debug] [2026-05-01T16:19:58.246Z] E0502 01:19:58.245601   46004 watch.go:116] watchAllDir unable to walk dir `c:\projects\client-sites\dataconnect`: GetFileAttributesEx c:\projects\client-sites\dataconnect: The system cannot find the file specified.
E0502 01:19:58.245601   46004 watch.go:40] Failed to load config from "c:\\projects\\client-sites\\dataconnect": could not find dataconnect.yaml in `c:\projects\client-sites\dataconnect`
 {"metadata":{"emulator":{"name":"dataconnect"},"message":"E0502 01:19:58.245601   46004 watch.go:116] watchAllDir unable to walk dir `c:\\projects\\client-sites\\dataconnect`: GetFileAttributesEx c:\\projects\\client-sites\\dataconnect: The system cannot find the file specified.\nE0502 01:19:58.245601   46004 watch.go:40] Failed to load config from \"c:\\\\projects\\\\client-sites\\\\dataconnect\": could not find dataconnect.yaml in `c:\\projects\\client-sites\\dataconnect`\n"}}
[debug] [2026-05-01T16:20:08.246Z] E0502 01:20:08.245588   46004 watch.go:40] Failed to load config from "c:\\projects\\client-sites\\dataconnect": could not find dataconnect.yaml in `c:\projects\client-sites\dataconnect`
 {"metadata":{"emulator":{"name":"dataconnect"},"message":"E0502 01:20:08.245588   46004 watch.go:40] Failed to load config from \"c:\\\\projects\\\\client-sites\\\\dataconnect\": could not find dataconnect.yaml in `c:\\projects\\client-sites\\dataconnect`\n"}}
[debug] [2026-05-01T16:20:18.245Z] E0502 01:20:18.245453   46004 watch.go:40] Failed to load config from "c:\\projects\\client-sites\\dataconnect": could not find dataconnect.yaml in `c:\projects\client-sites\dataconnect`
 {"metadata":{"emulator":{"name":"dataconnect"},"message":"E0502 01:20:18.245453   46004 watch.go:40] Failed to load config from \"c:\\\\projects\\\\client-sites\\\\dataconnect\": could not find dataconnect.yaml in `c:\\projects\\client-sites\\dataconnect`\n"}}
[debug] [2026-05-01T16:20:28.246Z] E0502 01:20:28.245507   46004 watch.go:40] Failed to load config from "c:\\projects\\client-sites\\dataconnect": could not find dataconnect.yaml in `c:\projects\client-sites\dataconnect`
 {"metadata":{"emulator":{"name":"dataconnect"},"message":"E0502 01:20:28.245507   46004 watch.go:40] Failed to load config from \"c:\\\\projects\\\\client-sites\\\\dataconnect\": could not find dataconnect.yaml in `c:\\projects\\client-sites\\dataconnect`\n"}}
[debug] [2026-05-01T16:20:38.245Z] E0502 01:20:38.245479   46004 watch.go:40] Failed to load config from "c:\\projects\\client-sites\\dataconnect": could not find dataconnect.yaml in `c:\projects\client-sites\dataconnect`
 {"metadata":{"emulator":{"name":"dataconnect"},"message":"E0502 01:20:38.245479   46004 watch.go:40] Failed to load config from \"c:\\\\projects\\\\client-sites\\\\dataconnect\": could not find dataconnect.yaml in `c:\\projects\\client-sites\\dataconnect`\n"}}
[debug] [2026-05-01T16:20:48.246Z] E0502 01:20:48.246381   46004 watch.go:40] Failed to load config from "c:\\projects\\client-sites\\dataconnect": could not find dataconnect.yaml in `c:\projects\client-sites\dataconnect`
 {"metadata":{"emulator":{"name":"dataconnect"},"message":"E0502 01:20:48.246381   46004 watch.go:40] Failed to load config from \"c:\\\\projects\\\\client-sites\\\\dataconnect\": could not find dataconnect.yaml in `c:\\projects\\client-sites\\dataconnect`\n"}}
[debug] [2026-05-01T16:20:58.245Z] E0502 01:20:58.245614   46004 watch.go:116] watchAllDir unable to walk dir `c:\projects\client-sites\dataconnect`: GetFileAttributesEx c:\projects\client-sites\dataconnect: The system cannot find the file specified.
E0502 01:20:58.245614   46004 watch.go:40] Failed to load config from "c:\\projects\\client-sites\\dataconnect": could not find dataconnect.yaml in `c:\projects\client-sites\dataconnect`
 {"metadata":{"emulator":{"name":"dataconnect"},"message":"E0502 01:20:58.245614   46004 watch.go:116] watchAllDir unable to walk dir `c:\\projects\\client-sites\\dataconnect`: GetFileAttributesEx c:\\projects\\client-sites\\dataconnect: The system cannot find the file specified.\nE0502 01:20:58.245614   46004 watch.go:40] Failed to load config from \"c:\\\\projects\\\\client-sites\\\\dataconnect\": could not find dataconnect.yaml in `c:\\projects\\client-sites\\dataconnect`\n"}}
[debug] [2026-05-01T16:21:08.246Z] E0502 01:21:08.245905   46004 watch.go:40] Failed to load config from "c:\\projects\\client-sites\\dataconnect": could not find dataconnect.yaml in `c:\projects\client-sites\dataconnect`
 {"metadata":{"emulator":{"name":"dataconnect"},"message":"E0502 01:21:08.245905   46004 watch.go:40] Failed to load config from \"c:\\\\projects\\\\client-sites\\\\dataconnect\": could not find dataconnect.yaml in `c:\\projects\\client-sites\\dataconnect`\n"}}
[debug] [2026-05-01T16:21:18.246Z] E0502 01:21:18.245950   46004 watch.go:40] Failed to load config from "c:\\projects\\client-sites\\dataconnect": could not find dataconnect.yaml in `c:\projects\client-sites\dataconnect`
 {"metadata":{"emulator":{"name":"dataconnect"},"message":"E0502 01:21:18.245950   46004 watch.go:40] Failed to load config from \"c:\\\\projects\\\\client-sites\\\\dataconnect\": could not find dataconnect.yaml in `c:\\projects\\client-sites\\dataconnect`\n"}}
[debug] [2026-05-01T16:21:28.246Z] E0502 01:21:28.246026   46004 watch.go:40] Failed to load config from "c:\\projects\\client-sites\\dataconnect": could not find dataconnect.yaml in `c:\projects\client-sites\dataconnect`
 {"metadata":{"emulator":{"name":"dataconnect"},"message":"E0502 01:21:28.246026   46004 watch.go:40] Failed to load config from \"c:\\\\projects\\\\client-sites\\\\dataconnect\": could not find dataconnect.yaml in `c:\\projects\\client-sites\\dataconnect`\n"}}
[debug] [2026-05-01T16:21:38.245Z] E0502 01:21:38.245558   46004 watch.go:40] Failed to load config from "c:\\projects\\client-sites\\dataconnect": could not find dataconnect.yaml in `c:\projects\client-sites\dataconnect`
 {"metadata":{"emulator":{"name":"dataconnect"},"message":"E0502 01:21:38.245558   46004 watch.go:40] Failed to load config from \"c:\\\\projects\\\\client-sites\\\\dataconnect\": could not find dataconnect.yaml in `c:\\projects\\client-sites\\dataconnect`\n"}}
[debug] [2026-05-01T16:21:48.245Z] E0502 01:21:48.245621   46004 watch.go:40] Failed to load config from "c:\\projects\\client-sites\\dataconnect": could not find dataconnect.yaml in `c:\projects\client-sites\dataconnect`
 {"metadata":{"emulator":{"name":"dataconnect"},"message":"E0502 01:21:48.245621   46004 watch.go:40] Failed to load config from \"c:\\\\projects\\\\client-sites\\\\dataconnect\": could not find dataconnect.yaml in `c:\\projects\\client-sites\\dataconnect`\n"}}
[debug] [2026-05-01T16:21:58.245Z] E0502 01:21:58.245508   46004 watch.go:116] watchAllDir unable to walk dir `c:\projects\client-sites\dataconnect`: GetFileAttributesEx c:\projects\client-sites\dataconnect: The system cannot find the file specified.
E0502 01:21:58.245508   46004 watch.go:40] Failed to load config from "c:\\projects\\client-sites\\dataconnect": could not find dataconnect.yaml in `c:\projects\client-sites\dataconnect`
 {"metadata":{"emulator":{"name":"dataconnect"},"message":"E0502 01:21:58.245508   46004 watch.go:116] watchAllDir unable to walk dir `c:\\projects\\client-sites\\dataconnect`: GetFileAttributesEx c:\\projects\\client-sites\\dataconnect: The system cannot find the file specified.\nE0502 01:21:58.245508   46004 watch.go:40] Failed to load config from \"c:\\\\projects\\\\client-sites\\\\dataconnect\": could not find dataconnect.yaml in `c:\\projects\\client-sites\\dataconnect`\n"}}
[debug] [2026-05-01T16:22:08.246Z] E0502 01:22:08.245864   46004 watch.go:40] Failed to load config from "c:\\projects\\client-sites\\dataconnect": could not find dataconnect.yaml in `c:\projects\client-sites\dataconnect`
 {"metadata":{"emulator":{"name":"dataconnect"},"message":"E0502 01:22:08.245864   46004 watch.go:40] Failed to load config from \"c:\\\\projects\\\\client-sites\\\\dataconnect\": could not find dataconnect.yaml in `c:\\projects\\client-sites\\dataconnect`\n"}}
[debug] [2026-05-01T16:22:18.246Z] E0502 01:22:18.245712   46004 watch.go:40] Failed to load config from "c:\\projects\\client-sites\\dataconnect": could not find dataconnect.yaml in `c:\projects\client-sites\dataconnect`
 {"metadata":{"emulator":{"name":"dataconnect"},"message":"E0502 01:22:18.245712   46004 watch.go:40] Failed to load config from \"c:\\\\projects\\\\client-sites\\\\dataconnect\": could not find dataconnect.yaml in `c:\\projects\\client-sites\\dataconnect`\n"}}
[debug] [2026-05-01T16:22:28.246Z] E0502 01:22:28.245418   46004 watch.go:40] Failed to load config from "c:\\projects\\client-sites\\dataconnect": could not find dataconnect.yaml in `c:\projects\client-sites\dataconnect`
 {"metadata":{"emulator":{"name":"dataconnect"},"message":"E0502 01:22:28.245418   46004 watch.go:40] Failed to load config from \"c:\\\\projects\\\\client-sites\\\\dataconnect\": could not find dataconnect.yaml in `c:\\projects\\client-sites\\dataconnect`\n"}}
[debug] [2026-05-01T16:22:38.246Z] E0502 01:22:38.246110   46004 watch.go:40] Failed to load config from "c:\\projects\\client-sites\\dataconnect": could not find dataconnect.yaml in `c:\projects\client-sites\dataconnect`
 {"metadata":{"emulator":{"name":"dataconnect"},"message":"E0502 01:22:38.246110   46004 watch.go:40] Failed to load config from \"c:\\\\projects\\\\client-sites\\\\dataconnect\": could not find dataconnect.yaml in `c:\\projects\\client-sites\\dataconnect`\n"}}
[debug] [2026-05-01T16:22:48.245Z] E0502 01:22:48.245563   46004 watch.go:40] Failed to load config from "c:\\projects\\client-sites\\dataconnect": could not find dataconnect.yaml in `c:\projects\client-sites\dataconnect`
 {"metadata":{"emulator":{"name":"dataconnect"},"message":"E0502 01:22:48.245563   46004 watch.go:40] Failed to load config from \"c:\\\\projects\\\\client-sites\\\\dataconnect\": could not find dataconnect.yaml in `c:\\projects\\client-sites\\dataconnect`\n"}}
[debug] [2026-05-01T16:22:58.246Z] E0502 01:22:58.245645   46004 watch.go:116] watchAllDir unable to walk dir `c:\projects\client-sites\dataconnect`: GetFileAttributesEx c:\projects\client-sites\dataconnect: The system cannot find the file specified.
E0502 01:22:58.245645   46004 watch.go:40] Failed to load config from "c:\\projects\\client-sites\\dataconnect": could not find dataconnect.yaml in `c:\projects\client-sites\dataconnect`
 {"metadata":{"emulator":{"name":"dataconnect"},"message":"E0502 01:22:58.245645   46004 watch.go:116] watchAllDir unable to walk dir `c:\\projects\\client-sites\\dataconnect`: GetFileAttributesEx c:\\projects\\client-sites\\dataconnect: The system cannot find the file specified.\nE0502 01:22:58.245645   46004 watch.go:40] Failed to load config from \"c:\\\\projects\\\\client-sites\\\\dataconnect\": could not find dataconnect.yaml in `c:\\projects\\client-sites\\dataconnect`\n"}}
[debug] [2026-05-01T16:23:08.246Z] E0502 01:23:08.245524   46004 watch.go:40] Failed to load config from "c:\\projects\\client-sites\\dataconnect": could not find dataconnect.yaml in `c:\projects\client-sites\dataconnect`
 {"metadata":{"emulator":{"name":"dataconnect"},"message":"E0502 01:23:08.245524   46004 watch.go:40] Failed to load config from \"c:\\\\projects\\\\client-sites\\\\dataconnect\": could not find dataconnect.yaml in `c:\\projects\\client-sites\\dataconnect`\n"}}
[debug] [2026-05-01T16:23:18.246Z] E0502 01:23:18.245514   46004 watch.go:40] Failed to load config from "c:\\projects\\client-sites\\dataconnect": could not find dataconnect.yaml in `c:\projects\client-sites\dataconnect`
 {"metadata":{"emulator":{"name":"dataconnect"},"message":"E0502 01:23:18.245514   46004 watch.go:40] Failed to load config from \"c:\\\\projects\\\\client-sites\\\\dataconnect\": could not find dataconnect.yaml in `c:\\projects\\client-sites\\dataconnect`\n"}}
[debug] [2026-05-01T16:23:28.246Z] E0502 01:23:28.245725   46004 watch.go:40] Failed to load config from "c:\\projects\\client-sites\\dataconnect": could not find dataconnect.yaml in `c:\projects\client-sites\dataconnect`
 {"metadata":{"emulator":{"name":"dataconnect"},"message":"E0502 01:23:28.245725   46004 watch.go:40] Failed to load config from \"c:\\\\projects\\\\client-sites\\\\dataconnect\": could not find dataconnect.yaml in `c:\\projects\\client-sites\\dataconnect`\n"}}
[debug] [2026-05-01T16:23:38.245Z] E0502 01:23:38.245705   46004 watch.go:40] Failed to load config from "c:\\projects\\client-sites\\dataconnect": could not find dataconnect.yaml in `c:\projects\client-sites\dataconnect`
 {"metadata":{"emulator":{"name":"dataconnect"},"message":"E0502 01:23:38.245705   46004 watch.go:40] Failed to load config from \"c:\\\\projects\\\\client-sites\\\\dataconnect\": could not find dataconnect.yaml in `c:\\projects\\client-sites\\dataconnect`\n"}}
[debug] [2026-05-01T16:23:48.245Z] E0502 01:23:48.245712   46004 watch.go:40] Failed to load config from "c:\\projects\\client-sites\\dataconnect": could not find dataconnect.yaml in `c:\projects\client-sites\dataconnect`
 {"metadata":{"emulator":{"name":"dataconnect"},"message":"E0502 01:23:48.245712   46004 watch.go:40] Failed to load config from \"c:\\\\projects\\\\client-sites\\\\dataconnect\": could not find dataconnect.yaml in `c:\\projects\\client-sites\\dataconnect`\n"}}
[debug] [2026-05-01T16:23:58.247Z] E0502 01:23:58.245982   46004 watch.go:116] watchAllDir unable to walk dir `c:\projects\client-sites\dataconnect`: GetFileAttributesEx c:\projects\client-sites\dataconnect: The system cannot find the file specified.
 {"metadata":{"emulator":{"name":"dataconnect"},"message":"E0502 01:23:58.245982   46004 watch.go:116] watchAllDir unable to walk dir `c:\\projects\\client-sites\\dataconnect`: GetFileAttributesEx c:\\projects\\client-sites\\dataconnect: The system cannot find the file specified.\n"}}
[debug] [2026-05-01T16:23:58.248Z] E0502 01:23:58.247912   46004 watch.go:40] Failed to load config from "c:\\projects\\client-sites\\dataconnect": could not find dataconnect.yaml in `c:\projects\client-sites\dataconnect`
 {"metadata":{"emulator":{"name":"dataconnect"},"message":"E0502 01:23:58.247912   46004 watch.go:40] Failed to load config from \"c:\\\\projects\\\\client-sites\\\\dataconnect\": could not find dataconnect.yaml in `c:\\projects\\client-sites\\dataconnect`\n"}}
[debug] [2026-05-01T16:24:08.247Z] E0502 01:24:08.247573   46004 watch.go:40] Failed to load config from "c:\\projects\\client-sites\\dataconnect": could not find dataconnect.yaml in `c:\projects\client-sites\dataconnect`
 {"metadata":{"emulator":{"name":"dataconnect"},"message":"E0502 01:24:08.247573   46004 watch.go:40] Failed to load config from \"c:\\\\projects\\\\client-sites\\\\dataconnect\": could not find dataconnect.yaml in `c:\\projects\\client-sites\\dataconnect`\n"}}
[debug] [2026-05-01T16:24:18.245Z] E0502 01:24:18.245559   46004 watch.go:40] Failed to load config from "c:\\projects\\client-sites\\dataconnect": could not find dataconnect.yaml in `c:\projects\client-sites\dataconnect`
 {"metadata":{"emulator":{"name":"dataconnect"},"message":"E0502 01:24:18.245559   46004 watch.go:40] Failed to load config from \"c:\\\\projects\\\\client-sites\\\\dataconnect\": could not find dataconnect.yaml in `c:\\projects\\client-sites\\dataconnect`\n"}}
[debug] [2026-05-01T16:24:28.246Z] E0502 01:24:28.245662   46004 watch.go:40] Failed to load config from "c:\\projects\\client-sites\\dataconnect": could not find dataconnect.yaml in `c:\projects\client-sites\dataconnect`
 {"metadata":{"emulator":{"name":"dataconnect"},"message":"E0502 01:24:28.245662   46004 watch.go:40] Failed to load config from \"c:\\\\projects\\\\client-sites\\\\dataconnect\": could not find dataconnect.yaml in `c:\\projects\\client-sites\\dataconnect`\n"}}
[debug] [2026-05-01T16:24:38.245Z] E0502 01:24:38.245576   46004 watch.go:40] Failed to load config from "c:\\projects\\client-sites\\dataconnect": could not find dataconnect.yaml in `c:\projects\client-sites\dataconnect`
 {"metadata":{"emulator":{"name":"dataconnect"},"message":"E0502 01:24:38.245576   46004 watch.go:40] Failed to load config from \"c:\\\\projects\\\\client-sites\\\\dataconnect\": could not find dataconnect.yaml in `c:\\projects\\client-sites\\dataconnect`\n"}}
[debug] [2026-05-01T16:24:48.245Z] E0502 01:24:48.245445   46004 watch.go:40] Failed to load config from "c:\\projects\\client-sites\\dataconnect": could not find dataconnect.yaml in `c:\projects\client-sites\dataconnect`
 {"metadata":{"emulator":{"name":"dataconnect"},"message":"E0502 01:24:48.245445   46004 watch.go:40] Failed to load config from \"c:\\\\projects\\\\client-sites\\\\dataconnect\": could not find dataconnect.yaml in `c:\\projects\\client-sites\\dataconnect`\n"}}
[debug] [2026-05-01T16:24:58.246Z] E0502 01:24:58.245686   46004 watch.go:116] watchAllDir unable to walk dir `c:\projects\client-sites\dataconnect`: GetFileAttributesEx c:\projects\client-sites\dataconnect: The system cannot find the file specified.
 {"metadata":{"emulator":{"name":"dataconnect"},"message":"E0502 01:24:58.245686   46004 watch.go:116] watchAllDir unable to walk dir `c:\\projects\\client-sites\\dataconnect`: GetFileAttributesEx c:\\projects\\client-sites\\dataconnect: The system cannot find the file specified.\n"}}
[debug] [2026-05-01T16:24:58.248Z] E0502 01:24:58.246319   46004 watch.go:40] Failed to load config from "c:\\projects\\client-sites\\dataconnect": could not find dataconnect.yaml in `c:\projects\client-sites\dataconnect`
 {"metadata":{"emulator":{"name":"dataconnect"},"message":"E0502 01:24:58.246319   46004 watch.go:40] Failed to load config from \"c:\\\\projects\\\\client-sites\\\\dataconnect\": could not find dataconnect.yaml in `c:\\projects\\client-sites\\dataconnect`\n"}}
[debug] [2026-05-01T16:25:08.245Z] E0502 01:25:08.245415   46004 watch.go:40] Failed to load config from "c:\\projects\\client-sites\\dataconnect": could not find dataconnect.yaml in `c:\projects\client-sites\dataconnect`
 {"metadata":{"emulator":{"name":"dataconnect"},"message":"E0502 01:25:08.245415   46004 watch.go:40] Failed to load config from \"c:\\\\projects\\\\client-sites\\\\dataconnect\": could not find dataconnect.yaml in `c:\\projects\\client-sites\\dataconnect`\n"}}
[debug] [2026-05-01T16:25:18.245Z] E0502 01:25:18.245362   46004 watch.go:40] Failed to load config from "c:\\projects\\client-sites\\dataconnect": could not find dataconnect.yaml in `c:\projects\client-sites\dataconnect`
 {"metadata":{"emulator":{"name":"dataconnect"},"message":"E0502 01:25:18.245362   46004 watch.go:40] Failed to load config from \"c:\\\\projects\\\\client-sites\\\\dataconnect\": could not find dataconnect.yaml in `c:\\projects\\client-sites\\dataconnect`\n"}}
[info] [Firebase Plugin] Stopping SQL Connect toolkit
[warn] !  SQL Connect Emulator has exited upon receiving signal: SIGINT 
[debug] [2026-05-22T20:27:54.388Z] [Firebase Plugin] Activating Firebase extension.
